#! /usr/local/Cellar/icarus-verilog/12.0/bin/vvp
:ivl_version "12.0 (stable)";
:ivl_delay_selection "TYPICAL";
:vpi_time_precision + 0;
:vpi_module "/usr/local/Cellar/icarus-verilog/12.0/lib/ivl/system.vpi";
:vpi_module "/usr/local/Cellar/icarus-verilog/12.0/lib/ivl/vhdl_sys.vpi";
:vpi_module "/usr/local/Cellar/icarus-verilog/12.0/lib/ivl/vhdl_textio.vpi";
:vpi_module "/usr/local/Cellar/icarus-verilog/12.0/lib/ivl/v2005_math.vpi";
:vpi_module "/usr/local/Cellar/icarus-verilog/12.0/lib/ivl/va_math.vpi";
:vpi_module "/usr/local/Cellar/icarus-verilog/12.0/lib/ivl/v2009.vpi";
S_0x7fa4c68059a0 .scope package, "$unit" "$unit" 2 1;
 .timescale 0 0;
S_0x7fa4c6805b10 .scope module, "top" "top" 3 1;
 .timescale 0 0;
    .port_info 0 /INPUT 1 "clock";
    .port_info 1 /INPUT 1 "reset";
    .port_info 2 /OUTPUT 1 "blink";
L_0x7fa4c6815f90 .functor BUFZ 1, v0x7fa4c6815e10_0, C4<0>, C4<0>, C4<0>;
v0x7fa4c6805cd0_0 .net "blink", 0 0, L_0x7fa4c6815f90;  1 drivers
o0x7fa4c6932038 .functor BUFZ 1, C4<z>; HiZ drive
v0x7fa4c6815d70_0 .net "clock", 0 0, o0x7fa4c6932038;  0 drivers
v0x7fa4c6815e10_0 .var "out", 0 0;
o0x7fa4c6932098 .functor BUFZ 1, C4<z>; HiZ drive
v0x7fa4c6815ea0_0 .net "reset", 0 0, o0x7fa4c6932098;  0 drivers
E_0x7fa4c6804f40 .event posedge, v0x7fa4c6815d70_0;
    .scope S_0x7fa4c6805b10;
T_0 ;
    %wait E_0x7fa4c6804f40;
    %load/vec4 v0x7fa4c6815ea0_0;
    %flag_set/vec4 8;
    %jmp/0xz  T_0.0, 8;
    %pushi/vec4 0, 0, 1;
    %store/vec4 v0x7fa4c6815e10_0, 0, 1;
    %jmp T_0.1;
T_0.0 ;
    %load/vec4 v0x7fa4c6815e10_0;
    %nor/r;
    %assign/vec4 v0x7fa4c6815e10_0, 0;
T_0.1 ;
    %jmp T_0;
    .thread T_0;
    .scope S_0x7fa4c6805b10;
T_1 ;
    %vpi_call/w 3 19 "$dumpfile", "top.vcd" {0 0 0};
    %vpi_call/w 3 20 "$dumpvars", 32'sb00000000000000000000000000000000, S_0x7fa4c6805b10 {0 0 0};
    %end;
    .thread T_1;
# The file index is used to find the file name in the following table.
:file_names 4;
    "N/A";
    "<interactive>";
    "-";
    "top.v";
