#! /usr/local/Cellar/icarus-verilog/12.0/bin/vvp
:ivl_version "12.0 (stable)";
:ivl_delay_selection "TYPICAL";
:vpi_time_precision - 9;
:vpi_module "/usr/local/Cellar/icarus-verilog/12.0/lib/ivl/system.vpi";
:vpi_module "/usr/local/Cellar/icarus-verilog/12.0/lib/ivl/vhdl_sys.vpi";
:vpi_module "/usr/local/Cellar/icarus-verilog/12.0/lib/ivl/vhdl_textio.vpi";
:vpi_module "/usr/local/Cellar/icarus-verilog/12.0/lib/ivl/v2005_math.vpi";
:vpi_module "/usr/local/Cellar/icarus-verilog/12.0/lib/ivl/va_math.vpi";
:vpi_module "/usr/local/Cellar/icarus-verilog/12.0/lib/ivl/v2009.vpi";
S_0x7fc3aff17000 .scope package, "$unit" "$unit" 2 1;
 .timescale 0 0;
S_0x7fc3aff17390 .scope module, "alu1_tb" "alu1_tb" 3 3;
 .timescale -9 -9;
P_0x7fc3aff08c20 .param/l "PERIOD" 1 3 21, +C4<00000000000000000000000000001000>;
P_0x7fc3aff08c60 .param/l "XLEN" 0 3 4, +C4<00000000000000000000000000100000>;
v0x7fc3aff2d8b0_0 .var "a", 31 0;
v0x7fc3aff2d940_0 .var "b", 31 0;
v0x7fc3aff2d9d0_0 .var "clk", 0 0;
v0x7fc3aff2da60_0 .var/2s "i", 31 0;
v0x7fc3aff2daf0_0 .var/2s "j", 31 0;
v0x7fc3aff2dbc0_0 .var/2s "k", 31 0;
v0x7fc3aff2dc70_0 .var "op", 3 0;
v0x7fc3aff2dd10_0 .net "r", 31 0, v0x7fc3aff2d580_0;  1 drivers
v0x7fc3aff2ddc0_0 .var "rst", 0 0;
v0x7fc3aff2ded0_0 .net "v", 0 0, L_0x7fc3aff2ef00;  1 drivers
v0x7fc3aff2df80_0 .net "z", 0 0, L_0x7fc3aff2e3d0;  1 drivers
E_0x7fc3aff07ab0 .event negedge, v0x7fc3aff2d9d0_0;
E_0x7fc3aff08160 .event posedge, v0x7fc3aff2d9d0_0;
S_0x7fc3aff07310 .scope module, "uut" "alu" 3 18, 4 22 0, S_0x7fc3aff17390;
 .timescale -9 -9;
    .port_info 0 /INPUT 32 "a";
    .port_info 1 /INPUT 32 "b";
    .port_info 2 /INPUT 4 "op";
    .port_info 3 /OUTPUT 32 "r";
    .port_info 4 /OUTPUT 1 "z";
    .port_info 5 /OUTPUT 1 "v";
P_0x7fc3aff07720 .param/l "SHLEN" 1 4 30, +C4<00000000000000000000000000000101>;
P_0x7fc3aff07760 .param/l "XLEN" 0 4 23, +C4<00000000000000000000000000100000>;
L_0x7fc3aff2e720 .functor OR 1, L_0x7fc3aff2e520, L_0x7fc3aff2e640, C4<0>, C4<0>;
L_0x7fc3aff2eaa0 .functor XOR 1, L_0x7fc3aff2e810, L_0x7fc3aff2e930, C4<0>, C4<0>;
L_0x7fc3aff2ecb0 .functor XOR 1, L_0x7fc3aff2eb10, L_0x7fc3aff2ebb0, C4<0>, C4<0>;
L_0x7fc3b0863008 .functor BUFT 1, C4<0010>, C4<0>, C4<0>, C4<0>;
v0x7fc3aff1a920_0 .net/2u *"_ivl_10", 3 0, L_0x7fc3b0863008;  1 drivers
v0x7fc3aff2c7b0_0 .net *"_ivl_12", 0 0, L_0x7fc3aff2e520;  1 drivers
L_0x7fc3b0863050 .functor BUFT 1, C4<0110>, C4<0>, C4<0>, C4<0>;
v0x7fc3aff2c850_0 .net/2u *"_ivl_14", 3 0, L_0x7fc3b0863050;  1 drivers
v0x7fc3aff2c8e0_0 .net *"_ivl_16", 0 0, L_0x7fc3aff2e640;  1 drivers
v0x7fc3aff2c970_0 .net *"_ivl_19", 0 0, L_0x7fc3aff2e720;  1 drivers
v0x7fc3aff2ca10_0 .net/s *"_ivl_2", 63 0, L_0x7fc3aff2e150;  1 drivers
v0x7fc3aff2cac0_0 .net *"_ivl_21", 0 0, L_0x7fc3aff2e810;  1 drivers
v0x7fc3aff2cb70_0 .net *"_ivl_23", 0 0, L_0x7fc3aff2e930;  1 drivers
v0x7fc3aff2cc20_0 .net *"_ivl_24", 0 0, L_0x7fc3aff2eaa0;  1 drivers
L_0x7fc3b0863098 .functor BUFT 1, C4<0>, C4<0>, C4<0>, C4<0>;
v0x7fc3aff2cd30_0 .net/2u *"_ivl_26", 0 0, L_0x7fc3b0863098;  1 drivers
v0x7fc3aff2cde0_0 .net *"_ivl_29", 0 0, L_0x7fc3aff2eb10;  1 drivers
v0x7fc3aff2ce90_0 .net *"_ivl_31", 0 0, L_0x7fc3aff2ebb0;  1 drivers
v0x7fc3aff2cf40_0 .net *"_ivl_32", 0 0, L_0x7fc3aff2ecb0;  1 drivers
v0x7fc3aff2cff0_0 .net *"_ivl_34", 0 0, L_0x7fc3aff2eda0;  1 drivers
L_0x7fc3b08630e0 .functor BUFT 1, C4<0>, C4<0>, C4<0>, C4<0>;
v0x7fc3aff2d0a0_0 .net/2u *"_ivl_36", 0 0, L_0x7fc3b08630e0;  1 drivers
v0x7fc3aff2d150_0 .net/s *"_ivl_4", 63 0, L_0x7fc3aff2e1f0;  1 drivers
v0x7fc3aff2d200_0 .net "a", 31 0, v0x7fc3aff2d8b0_0;  1 drivers
v0x7fc3aff2d390_0 .net "b", 31 0, v0x7fc3aff2d940_0;  1 drivers
v0x7fc3aff2d420_0 .net "op", 3 0, v0x7fc3aff2dc70_0;  1 drivers
v0x7fc3aff2d4d0_0 .net/s "p", 63 0, L_0x7fc3aff2e290;  1 drivers
v0x7fc3aff2d580_0 .var "r", 31 0;
v0x7fc3aff2d630_0 .net/s "s", 31 0, L_0x7fc3aff2e010;  1 drivers
v0x7fc3aff2d6e0_0 .net "v", 0 0, L_0x7fc3aff2ef00;  alias, 1 drivers
v0x7fc3aff2d780_0 .net "z", 0 0, L_0x7fc3aff2e3d0;  alias, 1 drivers
E_0x7fc3aff07f00 .event anyedge, v0x7fc3aff2d420_0, v0x7fc3aff2d200_0, v0x7fc3aff2d390_0, v0x7fc3aff2d4d0_0;
L_0x7fc3aff2e010 .arith/sum 32, v0x7fc3aff2d8b0_0, v0x7fc3aff2d940_0;
L_0x7fc3aff2e150 .extend/s 64, v0x7fc3aff2d8b0_0;
L_0x7fc3aff2e1f0 .extend/s 64, v0x7fc3aff2d940_0;
L_0x7fc3aff2e290 .arith/mult 64, L_0x7fc3aff2e150, L_0x7fc3aff2e1f0;
L_0x7fc3aff2e3d0 .reduce/nor v0x7fc3aff2d580_0;
L_0x7fc3aff2e520 .cmp/eq 4, v0x7fc3aff2dc70_0, L_0x7fc3b0863008;
L_0x7fc3aff2e640 .cmp/eq 4, v0x7fc3aff2dc70_0, L_0x7fc3b0863050;
L_0x7fc3aff2e810 .part v0x7fc3aff2d8b0_0, 31, 1;
L_0x7fc3aff2e930 .part v0x7fc3aff2d940_0, 31, 1;
L_0x7fc3aff2eb10 .part v0x7fc3aff2d580_0, 31, 1;
L_0x7fc3aff2ebb0 .part v0x7fc3aff2d8b0_0, 31, 1;
L_0x7fc3aff2eda0 .functor MUXZ 1, L_0x7fc3aff2ecb0, L_0x7fc3b0863098, L_0x7fc3aff2eaa0, C4<>;
L_0x7fc3aff2ef00 .functor MUXZ 1, L_0x7fc3b08630e0, L_0x7fc3aff2eda0, L_0x7fc3aff2e720, C4<>;
    .scope S_0x7fc3aff07310;
T_0 ;
    %wait E_0x7fc3aff07f00;
    %load/vec4 v0x7fc3aff2d420_0;
    %dup/vec4;
    %pushi/vec4 0, 0, 4;
    %cmp/u;
    %jmp/1 T_0.0, 6;
    %dup/vec4;
    %pushi/vec4 1, 0, 4;
    %cmp/u;
    %jmp/1 T_0.1, 6;
    %dup/vec4;
    %pushi/vec4 2, 0, 4;
    %cmp/u;
    %jmp/1 T_0.2, 6;
    %dup/vec4;
    %pushi/vec4 3, 0, 4;
    %cmp/u;
    %jmp/1 T_0.3, 6;
    %dup/vec4;
    %pushi/vec4 4, 0, 4;
    %cmp/u;
    %jmp/1 T_0.4, 6;
    %dup/vec4;
    %pushi/vec4 6, 0, 4;
    %cmp/u;
    %jmp/1 T_0.5, 6;
    %dup/vec4;
    %pushi/vec4 7, 0, 4;
    %cmp/u;
    %jmp/1 T_0.6, 6;
    %dup/vec4;
    %pushi/vec4 8, 0, 4;
    %cmp/u;
    %jmp/1 T_0.7, 6;
    %dup/vec4;
    %pushi/vec4 9, 0, 4;
    %cmp/u;
    %jmp/1 T_0.8, 6;
    %dup/vec4;
    %pushi/vec4 10, 0, 4;
    %cmp/u;
    %jmp/1 T_0.9, 6;
    %dup/vec4;
    %pushi/vec4 12, 0, 4;
    %cmp/u;
    %jmp/1 T_0.10, 6;
    %dup/vec4;
    %pushi/vec4 13, 0, 4;
    %cmp/u;
    %jmp/1 T_0.11, 6;
    %dup/vec4;
    %pushi/vec4 14, 0, 4;
    %cmp/u;
    %jmp/1 T_0.12, 6;
    %dup/vec4;
    %pushi/vec4 15, 0, 4;
    %cmp/u;
    %jmp/1 T_0.13, 6;
    %pushi/vec4 4294967295, 4294967295, 32;
    %store/vec4 v0x7fc3aff2d580_0, 0, 32;
    %jmp T_0.15;
T_0.0 ;
    %load/vec4 v0x7fc3aff2d200_0;
    %load/vec4 v0x7fc3aff2d390_0;
    %and;
    %store/vec4 v0x7fc3aff2d580_0, 0, 32;
    %jmp T_0.15;
T_0.1 ;
    %load/vec4 v0x7fc3aff2d200_0;
    %load/vec4 v0x7fc3aff2d390_0;
    %or;
    %store/vec4 v0x7fc3aff2d580_0, 0, 32;
    %jmp T_0.15;
T_0.2 ;
    %load/vec4 v0x7fc3aff2d200_0;
    %load/vec4 v0x7fc3aff2d390_0;
    %add;
    %store/vec4 v0x7fc3aff2d580_0, 0, 32;
    %jmp T_0.15;
T_0.3 ;
    %load/vec4 v0x7fc3aff2d4d0_0;
    %parti/s 32, 0, 2;
    %store/vec4 v0x7fc3aff2d580_0, 0, 32;
    %jmp T_0.15;
T_0.4 ;
    %load/vec4 v0x7fc3aff2d4d0_0;
    %parti/s 32, 32, 7;
    %store/vec4 v0x7fc3aff2d580_0, 0, 32;
    %jmp T_0.15;
T_0.5 ;
    %load/vec4 v0x7fc3aff2d200_0;
    %load/vec4 v0x7fc3aff2d390_0;
    %sub;
    %store/vec4 v0x7fc3aff2d580_0, 0, 32;
    %jmp T_0.15;
T_0.6 ;
    %load/vec4 v0x7fc3aff2d200_0;
    %load/vec4 v0x7fc3aff2d390_0;
    %cmp/s;
    %flag_mov 8, 5;
    %jmp/0 T_0.16, 8;
    %pushi/vec4 1, 0, 32;
    %jmp/1 T_0.17, 8;
T_0.16 ; End of true expr.
    %pushi/vec4 0, 0, 32;
    %jmp/0 T_0.17, 8;
 ; End of false expr.
    %blend;
T_0.17;
    %store/vec4 v0x7fc3aff2d580_0, 0, 32;
    %jmp T_0.15;
T_0.7 ;
    %load/vec4 v0x7fc3aff2d200_0;
    %load/vec4 v0x7fc3aff2d390_0;
    %parti/s 5, 0, 2;
    %ix/vec4 4;
    %shiftr 4;
    %store/vec4 v0x7fc3aff2d580_0, 0, 32;
    %jmp T_0.15;
T_0.8 ;
    %load/vec4 v0x7fc3aff2d200_0;
    %load/vec4 v0x7fc3aff2d390_0;
    %parti/s 5, 0, 2;
    %ix/vec4 4;
    %shiftl 4;
    %store/vec4 v0x7fc3aff2d580_0, 0, 32;
    %jmp T_0.15;
T_0.9 ;
    %load/vec4 v0x7fc3aff2d200_0;
    %load/vec4 v0x7fc3aff2d390_0;
    %parti/s 5, 0, 2;
    %ix/vec4 4;
    %shiftr/s 4;
    %store/vec4 v0x7fc3aff2d580_0, 0, 32;
    %jmp T_0.15;
T_0.10 ;
    %load/vec4 v0x7fc3aff2d200_0;
    %load/vec4 v0x7fc3aff2d390_0;
    %or;
    %inv;
    %store/vec4 v0x7fc3aff2d580_0, 0, 32;
    %jmp T_0.15;
T_0.11 ;
    %load/vec4 v0x7fc3aff2d200_0;
    %load/vec4 v0x7fc3aff2d390_0;
    %xor;
    %store/vec4 v0x7fc3aff2d580_0, 0, 32;
    %jmp T_0.15;
T_0.12 ;
    %load/vec4 v0x7fc3aff2d200_0;
    %load/vec4 v0x7fc3aff2d390_0;
    %div/s;
    %store/vec4 v0x7fc3aff2d580_0, 0, 32;
    %jmp T_0.15;
T_0.13 ;
    %load/vec4 v0x7fc3aff2d200_0;
    %load/vec4 v0x7fc3aff2d390_0;
    %mod/s;
    %store/vec4 v0x7fc3aff2d580_0, 0, 32;
    %jmp T_0.15;
T_0.15 ;
    %pop/vec4 1;
    %jmp T_0;
    .thread T_0, $push;
    .scope S_0x7fc3aff17390;
T_1 ;
    %pushi/vec4 0, 0, 1;
    %store/vec4 v0x7fc3aff2d9d0_0, 0, 1;
    %delay 4, 0;
    %pushi/vec4 1, 0, 1;
    %store/vec4 v0x7fc3aff2d9d0_0, 0, 1;
    %delay 4, 0;
    %jmp T_1;
    .thread T_1;
    .scope S_0x7fc3aff17390;
T_2 ;
    %vpi_call/w 3 32 "$dumpfile", "alu1.vcd" {0 0 0};
    %vpi_call/w 3 33 "$dumpvars", 32'sb00000000000000000000000000000000, S_0x7fc3aff17390 {0 0 0};
    %pushi/vec4 0, 0, 1;
    %store/vec4 v0x7fc3aff2d9d0_0, 0, 1;
    %pushi/vec4 1, 0, 1;
    %store/vec4 v0x7fc3aff2ddc0_0, 0, 1;
    %delay 20, 0;
    %pushi/vec4 0, 0, 1;
    %store/vec4 v0x7fc3aff2ddc0_0, 0, 1;
    %pushi/vec4 4294967292, 0, 32;
    %store/vec4 v0x7fc3aff2da60_0, 0, 32;
T_2.0 ;
    %load/vec4 v0x7fc3aff2da60_0;
    %cmpi/s 4, 0, 32;
    %jmp/0xz T_2.1, 5;
    %delay 1, 0;
    %pushi/vec4 4, 0, 32;
    %store/vec4 v0x7fc3aff2daf0_0, 0, 32;
T_2.2 ;
    %load/vec4 v0x7fc3aff2daf0_0;
    %cmpi/s 4294967292, 0, 32;
    %flag_or 5, 4; GT is !LE
    %flag_inv 5;
    %jmp/0xz T_2.3, 5;
    %delay 1, 0;
    %pushi/vec4 0, 0, 32;
    %store/vec4 v0x7fc3aff2dbc0_0, 0, 32;
T_2.4 ;
    %load/vec4 v0x7fc3aff2dbc0_0;
    %cmpi/s 16, 0, 32;
    %jmp/0xz T_2.5, 5;
    %wait E_0x7fc3aff08160;
    %load/vec4 v0x7fc3aff2da60_0;
    %store/vec4 v0x7fc3aff2d8b0_0, 0, 32;
    %load/vec4 v0x7fc3aff2daf0_0;
    %store/vec4 v0x7fc3aff2d940_0, 0, 32;
    %load/vec4 v0x7fc3aff2dbc0_0;
    %pad/s 4;
    %store/vec4 v0x7fc3aff2dc70_0, 0, 4;
    %wait E_0x7fc3aff07ab0;
    %load/vec4 v0x7fc3aff2d8b0_0;
    %load/vec4 v0x7fc3aff2d940_0;
    %load/vec4 v0x7fc3aff2dd10_0;
    %vpi_call/w 3 48 "$display", "%t: %d op(%b) %d = %d (%b,%b)", $time, S<2,vec4,s32>, v0x7fc3aff2dc70_0, S<1,vec4,s32>, S<0,vec4,s32>, v0x7fc3aff2df80_0, v0x7fc3aff2ded0_0 {3 0 0};
    %delay 1, 0;
    ; show_stmt_assign_vector: Get l-value for compressed += operand
    %load/vec4 v0x7fc3aff2da60_0;
    %pushi/vec4 1, 0, 32;
    %add;
    %cast2;
    %store/vec4 v0x7fc3aff2da60_0, 0, 32;
    ; show_stmt_assign_vector: Get l-value for compressed -= operand
    %load/vec4 v0x7fc3aff2daf0_0;
    %pushi/vec4 1, 0, 32;
    %sub;
    %cast2;
    %store/vec4 v0x7fc3aff2daf0_0, 0, 32;
    ; show_stmt_assign_vector: Get l-value for compressed += operand
    %load/vec4 v0x7fc3aff2dbc0_0;
    %pushi/vec4 1, 0, 32;
    %add;
    %cast2;
    %store/vec4 v0x7fc3aff2dbc0_0, 0, 32;
    %jmp T_2.4;
T_2.5 ;
    ; show_stmt_assign_vector: Get l-value for compressed -= operand
    %load/vec4 v0x7fc3aff2daf0_0;
    %pushi/vec4 1, 0, 32;
    %sub;
    %cast2;
    %store/vec4 v0x7fc3aff2daf0_0, 0, 32;
    %jmp T_2.2;
T_2.3 ;
    ; show_stmt_assign_vector: Get l-value for compressed += operand
    %load/vec4 v0x7fc3aff2da60_0;
    %pushi/vec4 1, 0, 32;
    %add;
    %cast2;
    %store/vec4 v0x7fc3aff2da60_0, 0, 32;
    %jmp T_2.0;
T_2.1 ;
    %delay 200, 0;
    %vpi_call/w 3 53 "$finish" {0 0 0};
    %end;
    .thread T_2;
# The file index is used to find the file name in the following table.
:file_names 5;
    "N/A";
    "<interactive>";
    "-";
    "tst/alu1_tb.sv";
    "./tst//alu.sv";
