#! /usr/local/Cellar/icarus-verilog/12.0/bin/vvp
:ivl_version "12.0 (stable)";
:ivl_delay_selection "TYPICAL";
:vpi_time_precision + 0;
:vpi_module "/usr/local/Cellar/icarus-verilog/12.0/lib/ivl/system.vpi";
:vpi_module "/usr/local/Cellar/icarus-verilog/12.0/lib/ivl/vhdl_sys.vpi";
:vpi_module "/usr/local/Cellar/icarus-verilog/12.0/lib/ivl/vhdl_textio.vpi";
:vpi_module "/usr/local/Cellar/icarus-verilog/12.0/lib/ivl/v2005_math.vpi";
:vpi_module "/usr/local/Cellar/icarus-verilog/12.0/lib/ivl/va_math.vpi";
:vpi_module "/usr/local/Cellar/icarus-verilog/12.0/lib/ivl/v2009.vpi";
S_0x7f978880f740 .scope package, "$unit" "$unit" 2 1;
 .timescale 0 0;
S_0x7f9788805a80 .scope module, "alu" "alu" 3 22;
 .timescale 0 0;
    .port_info 0 /INPUT 32 "a";
    .port_info 1 /INPUT 32 "b";
    .port_info 2 /INPUT 4 "op";
    .port_info 3 /OUTPUT 32 "r";
    .port_info 4 /OUTPUT 1 "z";
    .port_info 5 /OUTPUT 1 "v";
P_0x7f9788805e90 .param/l "SHLEN" 1 3 30, +C4<00000000000000000000000000000101>;
P_0x7f9788805ed0 .param/l "XLEN" 0 3 23, +C4<00000000000000000000000000100000>;
L_0x7f9788826ae0 .functor OR 1, L_0x7f9788826840, L_0x7f9788826960, C4<0>, C4<0>;
L_0x7f9788826d60 .functor XOR 1, L_0x7f9788826bd0, L_0x7f9788826c70, C4<0>, C4<0>;
L_0x7f9788827090 .functor XOR 1, L_0x7f9788826e10, L_0x7f9788826f10, C4<0>, C4<0>;
L_0x7f9788a63008 .functor BUFT 1, C4<0010>, C4<0>, C4<0>, C4<0>;
v0x7f978880ebf0_0 .net/2u *"_ivl_10", 3 0, L_0x7f9788a63008;  1 drivers
v0x7f9788825270_0 .net *"_ivl_12", 0 0, L_0x7f9788826840;  1 drivers
L_0x7f9788a63050 .functor BUFT 1, C4<0110>, C4<0>, C4<0>, C4<0>;
v0x7f9788825310_0 .net/2u *"_ivl_14", 3 0, L_0x7f9788a63050;  1 drivers
v0x7f97888253d0_0 .net *"_ivl_16", 0 0, L_0x7f9788826960;  1 drivers
v0x7f9788825470_0 .net *"_ivl_19", 0 0, L_0x7f9788826ae0;  1 drivers
v0x7f9788825550_0 .net/s *"_ivl_2", 63 0, L_0x7f9788826490;  1 drivers
v0x7f9788825600_0 .net *"_ivl_21", 0 0, L_0x7f9788826bd0;  1 drivers
v0x7f97888256b0_0 .net *"_ivl_23", 0 0, L_0x7f9788826c70;  1 drivers
v0x7f9788825760_0 .net *"_ivl_24", 0 0, L_0x7f9788826d60;  1 drivers
L_0x7f9788a63098 .functor BUFT 1, C4<0>, C4<0>, C4<0>, C4<0>;
v0x7f9788825870_0 .net/2u *"_ivl_26", 0 0, L_0x7f9788a63098;  1 drivers
v0x7f9788825920_0 .net *"_ivl_29", 0 0, L_0x7f9788826e10;  1 drivers
v0x7f97888259d0_0 .net *"_ivl_31", 0 0, L_0x7f9788826f10;  1 drivers
v0x7f9788825a80_0 .net *"_ivl_32", 0 0, L_0x7f9788827090;  1 drivers
v0x7f9788825b30_0 .net *"_ivl_34", 0 0, L_0x7f9788827140;  1 drivers
L_0x7f9788a630e0 .functor BUFT 1, C4<0>, C4<0>, C4<0>, C4<0>;
v0x7f9788825be0_0 .net/2u *"_ivl_36", 0 0, L_0x7f9788a630e0;  1 drivers
v0x7f9788825c90_0 .net/s *"_ivl_4", 63 0, L_0x7f9788826570;  1 drivers
o0x7f9788a32308 .functor BUFZ 32, C4<zzzzzzzzzzzzzzzzzzzzzzzzzzzzzzzz>; HiZ drive
v0x7f9788825d40_0 .net "a", 31 0, o0x7f9788a32308;  0 drivers
o0x7f9788a32338 .functor BUFZ 32, C4<zzzzzzzzzzzzzzzzzzzzzzzzzzzzzzzz>; HiZ drive
v0x7f9788825ed0_0 .net "b", 31 0, o0x7f9788a32338;  0 drivers
o0x7f9788a32368 .functor BUFZ 4, C4<zzzz>; HiZ drive
v0x7f9788825f60_0 .net "op", 3 0, o0x7f9788a32368;  0 drivers
v0x7f9788826010_0 .net/s "p", 63 0, L_0x7f9788826650;  1 drivers
v0x7f97888260c0_0 .var "r", 31 0;
v0x7f9788826170_0 .net/s "s", 31 0, L_0x7f97888263f0;  1 drivers
v0x7f9788826220_0 .net "v", 0 0, L_0x7f97888272a0;  1 drivers
v0x7f97888262c0_0 .net "z", 0 0, L_0x7f9788826770;  1 drivers
E_0x7f9788807680 .event anyedge, v0x7f9788825f60_0, v0x7f9788825d40_0, v0x7f9788825ed0_0, v0x7f9788826010_0;
L_0x7f97888263f0 .arith/sum 32, o0x7f9788a32308, o0x7f9788a32338;
L_0x7f9788826490 .extend/s 64, o0x7f9788a32308;
L_0x7f9788826570 .extend/s 64, o0x7f9788a32338;
L_0x7f9788826650 .arith/mult 64, L_0x7f9788826490, L_0x7f9788826570;
L_0x7f9788826770 .reduce/nor v0x7f97888260c0_0;
L_0x7f9788826840 .cmp/eq 4, o0x7f9788a32368, L_0x7f9788a63008;
L_0x7f9788826960 .cmp/eq 4, o0x7f9788a32368, L_0x7f9788a63050;
L_0x7f9788826bd0 .part o0x7f9788a32308, 31, 1;
L_0x7f9788826c70 .part o0x7f9788a32338, 31, 1;
L_0x7f9788826e10 .part v0x7f97888260c0_0, 31, 1;
L_0x7f9788826f10 .part o0x7f9788a32308, 31, 1;
L_0x7f9788827140 .functor MUXZ 1, L_0x7f9788827090, L_0x7f9788a63098, L_0x7f9788826d60, C4<>;
L_0x7f97888272a0 .functor MUXZ 1, L_0x7f9788a630e0, L_0x7f9788827140, L_0x7f9788826ae0, C4<>;
    .scope S_0x7f9788805a80;
T_0 ;
    %wait E_0x7f9788807680;
    %load/vec4 v0x7f9788825f60_0;
    %dup/vec4;
    %pushi/vec4 0, 0, 4;
    %cmp/u;
    %jmp/1 T_0.0, 6;
    %dup/vec4;
    %pushi/vec4 1, 0, 4;
    %cmp/u;
    %jmp/1 T_0.1, 6;
    %dup/vec4;
    %pushi/vec4 2, 0, 4;
    %cmp/u;
    %jmp/1 T_0.2, 6;
    %dup/vec4;
    %pushi/vec4 3, 0, 4;
    %cmp/u;
    %jmp/1 T_0.3, 6;
    %dup/vec4;
    %pushi/vec4 4, 0, 4;
    %cmp/u;
    %jmp/1 T_0.4, 6;
    %dup/vec4;
    %pushi/vec4 6, 0, 4;
    %cmp/u;
    %jmp/1 T_0.5, 6;
    %dup/vec4;
    %pushi/vec4 7, 0, 4;
    %cmp/u;
    %jmp/1 T_0.6, 6;
    %dup/vec4;
    %pushi/vec4 8, 0, 4;
    %cmp/u;
    %jmp/1 T_0.7, 6;
    %dup/vec4;
    %pushi/vec4 9, 0, 4;
    %cmp/u;
    %jmp/1 T_0.8, 6;
    %dup/vec4;
    %pushi/vec4 10, 0, 4;
    %cmp/u;
    %jmp/1 T_0.9, 6;
    %dup/vec4;
    %pushi/vec4 12, 0, 4;
    %cmp/u;
    %jmp/1 T_0.10, 6;
    %dup/vec4;
    %pushi/vec4 13, 0, 4;
    %cmp/u;
    %jmp/1 T_0.11, 6;
    %dup/vec4;
    %pushi/vec4 14, 0, 4;
    %cmp/u;
    %jmp/1 T_0.12, 6;
    %dup/vec4;
    %pushi/vec4 15, 0, 4;
    %cmp/u;
    %jmp/1 T_0.13, 6;
    %pushi/vec4 4294967295, 4294967295, 32;
    %store/vec4 v0x7f97888260c0_0, 0, 32;
    %jmp T_0.15;
T_0.0 ;
    %load/vec4 v0x7f9788825d40_0;
    %load/vec4 v0x7f9788825ed0_0;
    %and;
    %store/vec4 v0x7f97888260c0_0, 0, 32;
    %jmp T_0.15;
T_0.1 ;
    %load/vec4 v0x7f9788825d40_0;
    %load/vec4 v0x7f9788825ed0_0;
    %or;
    %store/vec4 v0x7f97888260c0_0, 0, 32;
    %jmp T_0.15;
T_0.2 ;
    %load/vec4 v0x7f9788825d40_0;
    %load/vec4 v0x7f9788825ed0_0;
    %add;
    %store/vec4 v0x7f97888260c0_0, 0, 32;
    %jmp T_0.15;
T_0.3 ;
    %load/vec4 v0x7f9788826010_0;
    %parti/s 32, 0, 2;
    %store/vec4 v0x7f97888260c0_0, 0, 32;
    %jmp T_0.15;
T_0.4 ;
    %load/vec4 v0x7f9788826010_0;
    %parti/s 32, 32, 7;
    %store/vec4 v0x7f97888260c0_0, 0, 32;
    %jmp T_0.15;
T_0.5 ;
    %load/vec4 v0x7f9788825d40_0;
    %load/vec4 v0x7f9788825ed0_0;
    %sub;
    %store/vec4 v0x7f97888260c0_0, 0, 32;
    %jmp T_0.15;
T_0.6 ;
    %load/vec4 v0x7f9788825d40_0;
    %load/vec4 v0x7f9788825ed0_0;
    %cmp/s;
    %flag_mov 8, 5;
    %jmp/0 T_0.16, 8;
    %pushi/vec4 1, 0, 32;
    %jmp/1 T_0.17, 8;
T_0.16 ; End of true expr.
    %pushi/vec4 0, 0, 32;
    %jmp/0 T_0.17, 8;
 ; End of false expr.
    %blend;
T_0.17;
    %store/vec4 v0x7f97888260c0_0, 0, 32;
    %jmp T_0.15;
T_0.7 ;
    %load/vec4 v0x7f9788825d40_0;
    %load/vec4 v0x7f9788825ed0_0;
    %parti/s 5, 0, 2;
    %ix/vec4 4;
    %shiftr 4;
    %store/vec4 v0x7f97888260c0_0, 0, 32;
    %jmp T_0.15;
T_0.8 ;
    %load/vec4 v0x7f9788825d40_0;
    %load/vec4 v0x7f9788825ed0_0;
    %parti/s 5, 0, 2;
    %ix/vec4 4;
    %shiftl 4;
    %store/vec4 v0x7f97888260c0_0, 0, 32;
    %jmp T_0.15;
T_0.9 ;
    %load/vec4 v0x7f9788825d40_0;
    %load/vec4 v0x7f9788825ed0_0;
    %parti/s 5, 0, 2;
    %ix/vec4 4;
    %shiftr/s 4;
    %store/vec4 v0x7f97888260c0_0, 0, 32;
    %jmp T_0.15;
T_0.10 ;
    %load/vec4 v0x7f9788825d40_0;
    %load/vec4 v0x7f9788825ed0_0;
    %or;
    %inv;
    %store/vec4 v0x7f97888260c0_0, 0, 32;
    %jmp T_0.15;
T_0.11 ;
    %load/vec4 v0x7f9788825d40_0;
    %load/vec4 v0x7f9788825ed0_0;
    %xor;
    %store/vec4 v0x7f97888260c0_0, 0, 32;
    %jmp T_0.15;
T_0.12 ;
    %load/vec4 v0x7f9788825d40_0;
    %load/vec4 v0x7f9788825ed0_0;
    %div/s;
    %store/vec4 v0x7f97888260c0_0, 0, 32;
    %jmp T_0.15;
T_0.13 ;
    %load/vec4 v0x7f9788825d40_0;
    %load/vec4 v0x7f9788825ed0_0;
    %mod/s;
    %store/vec4 v0x7f97888260c0_0, 0, 32;
    %jmp T_0.15;
T_0.15 ;
    %pop/vec4 1;
    %jmp T_0;
    .thread T_0, $push;
# The file index is used to find the file name in the following table.
:file_names 4;
    "N/A";
    "<interactive>";
    "-";
    "alu.sv";
