#! /usr/local/Cellar/icarus-verilog/12.0/bin/vvp
:ivl_version "12.0 (stable)";
:ivl_delay_selection "TYPICAL";
:vpi_time_precision - 9;
:vpi_module "/usr/local/Cellar/icarus-verilog/12.0/lib/ivl/system.vpi";
:vpi_module "/usr/local/Cellar/icarus-verilog/12.0/lib/ivl/vhdl_sys.vpi";
:vpi_module "/usr/local/Cellar/icarus-verilog/12.0/lib/ivl/vhdl_textio.vpi";
:vpi_module "/usr/local/Cellar/icarus-verilog/12.0/lib/ivl/v2005_math.vpi";
:vpi_module "/usr/local/Cellar/icarus-verilog/12.0/lib/ivl/va_math.vpi";
:vpi_module "/usr/local/Cellar/icarus-verilog/12.0/lib/ivl/v2009.vpi";
S_0x7f82f1904330 .scope package, "$unit" "$unit" 2 1;
 .timescale 0 0;
S_0x7f82f1904930 .scope module, "alu1_tb" "alu1_tb" 3 3;
 .timescale -9 -9;
P_0x600002620700 .param/l "PERIOD" 1 3 21, +C4<00000000000000000000000000001000>;
P_0x600002620740 .param/l "XLEN" 0 3 4, +C4<00000000000000000000000000100000>;
v0x600003a28f30_0 .var "a", 31 0;
v0x600003a28fc0_0 .var "b", 31 0;
v0x600003a29050_0 .var "clk", 0 0;
v0x600003a290e0_0 .var/2s "i", 31 0;
v0x600003a29170_0 .var/2s "j", 31 0;
v0x600003a29200_0 .var/2s "k", 31 0;
v0x600003a29290_0 .var "op", 3 0;
v0x600003a29320_0 .net "r", 31 0, v0x600003a28cf0_0;  1 drivers
v0x600003a293b0_0 .var "rst", 0 0;
v0x600003a29440_0 .net "v", 0 0, L_0x600003928960;  1 drivers
v0x600003a294d0_0 .net "z", 0 0, L_0x600003928460;  1 drivers
E_0x600001d222c0 .event negedge, v0x600003a29050_0;
E_0x600001d22300 .event posedge, v0x600003a29050_0;
S_0x7f82f1904aa0 .scope module, "uut" "alu" 3 18, 4 22 0, S_0x7f82f1904930;
 .timescale -9 -9;
    .port_info 0 /INPUT 32 "a";
    .port_info 1 /INPUT 32 "b";
    .port_info 2 /INPUT 4 "op";
    .port_info 3 /OUTPUT 32 "r";
    .port_info 4 /OUTPUT 1 "z";
    .port_info 5 /OUTPUT 1 "v";
P_0x600002620800 .param/l "SHLEN" 1 4 30, +C4<00000000000000000000000000000101>;
P_0x600002620840 .param/l "XLEN" 0 4 23, +C4<00000000000000000000000000100000>;
L_0x6000023282a0 .functor OR 1, L_0x600003928500, L_0x6000039285a0, C4<0>, C4<0>;
L_0x600002328310 .functor XOR 1, L_0x600003928640, L_0x6000039286e0, C4<0>, C4<0>;
L_0x600002328380 .functor XOR 1, L_0x600003928780, L_0x600003928820, C4<0>, C4<0>;
L_0x7f82f1863008 .functor BUFT 1, C4<0010>, C4<0>, C4<0>, C4<0>;
v0x600003a281b0_0 .net/2u *"_ivl_10", 3 0, L_0x7f82f1863008;  1 drivers
v0x600003a28240_0 .net *"_ivl_12", 0 0, L_0x600003928500;  1 drivers
L_0x7f82f1863050 .functor BUFT 1, C4<0110>, C4<0>, C4<0>, C4<0>;
v0x600003a282d0_0 .net/2u *"_ivl_14", 3 0, L_0x7f82f1863050;  1 drivers
v0x600003a28360_0 .net *"_ivl_16", 0 0, L_0x6000039285a0;  1 drivers
v0x600003a283f0_0 .net *"_ivl_19", 0 0, L_0x6000023282a0;  1 drivers
v0x600003a28480_0 .net/s *"_ivl_2", 63 0, L_0x600003928280;  1 drivers
v0x600003a28510_0 .net *"_ivl_21", 0 0, L_0x600003928640;  1 drivers
v0x600003a285a0_0 .net *"_ivl_23", 0 0, L_0x6000039286e0;  1 drivers
v0x600003a28630_0 .net *"_ivl_24", 0 0, L_0x600002328310;  1 drivers
L_0x7f82f1863098 .functor BUFT 1, C4<0>, C4<0>, C4<0>, C4<0>;
v0x600003a286c0_0 .net/2u *"_ivl_26", 0 0, L_0x7f82f1863098;  1 drivers
v0x600003a28750_0 .net *"_ivl_29", 0 0, L_0x600003928780;  1 drivers
v0x600003a287e0_0 .net *"_ivl_31", 0 0, L_0x600003928820;  1 drivers
v0x600003a28870_0 .net *"_ivl_32", 0 0, L_0x600002328380;  1 drivers
v0x600003a28900_0 .net *"_ivl_34", 0 0, L_0x6000039288c0;  1 drivers
L_0x7f82f18630e0 .functor BUFT 1, C4<0>, C4<0>, C4<0>, C4<0>;
v0x600003a28990_0 .net/2u *"_ivl_36", 0 0, L_0x7f82f18630e0;  1 drivers
v0x600003a28a20_0 .net/s *"_ivl_4", 63 0, L_0x600003928320;  1 drivers
v0x600003a28ab0_0 .net "a", 31 0, v0x600003a28f30_0;  1 drivers
v0x600003a28b40_0 .net "b", 31 0, v0x600003a28fc0_0;  1 drivers
v0x600003a28bd0_0 .net "op", 3 0, v0x600003a29290_0;  1 drivers
v0x600003a28c60_0 .net/s "p", 63 0, L_0x6000039283c0;  1 drivers
v0x600003a28cf0_0 .var "r", 31 0;
v0x600003a28d80_0 .net/s "s", 31 0, L_0x6000039281e0;  1 drivers
v0x600003a28e10_0 .net "v", 0 0, L_0x600003928960;  alias, 1 drivers
v0x600003a28ea0_0 .net "z", 0 0, L_0x600003928460;  alias, 1 drivers
E_0x600001d223c0 .event anyedge, v0x600003a28bd0_0, v0x600003a28ab0_0, v0x600003a28b40_0, v0x600003a28c60_0;
L_0x6000039281e0 .arith/sum 32, v0x600003a28f30_0, v0x600003a28fc0_0;
L_0x600003928280 .extend/s 64, v0x600003a28f30_0;
L_0x600003928320 .extend/s 64, v0x600003a28fc0_0;
L_0x6000039283c0 .arith/mult 64, L_0x600003928280, L_0x600003928320;
L_0x600003928460 .reduce/nor v0x600003a28cf0_0;
L_0x600003928500 .cmp/eq 4, v0x600003a29290_0, L_0x7f82f1863008;
L_0x6000039285a0 .cmp/eq 4, v0x600003a29290_0, L_0x7f82f1863050;
L_0x600003928640 .part v0x600003a28f30_0, 31, 1;
L_0x6000039286e0 .part v0x600003a28fc0_0, 31, 1;
L_0x600003928780 .part v0x600003a28cf0_0, 31, 1;
L_0x600003928820 .part v0x600003a28f30_0, 31, 1;
L_0x6000039288c0 .functor MUXZ 1, L_0x600002328380, L_0x7f82f1863098, L_0x600002328310, C4<>;
L_0x600003928960 .functor MUXZ 1, L_0x7f82f18630e0, L_0x6000039288c0, L_0x6000023282a0, C4<>;
    .scope S_0x7f82f1904aa0;
T_0 ;
    %wait E_0x600001d223c0;
    %load/vec4 v0x600003a28bd0_0;
    %dup/vec4;
    %pushi/vec4 0, 0, 4;
    %cmp/u;
    %jmp/1 T_0.0, 6;
    %dup/vec4;
    %pushi/vec4 1, 0, 4;
    %cmp/u;
    %jmp/1 T_0.1, 6;
    %dup/vec4;
    %pushi/vec4 2, 0, 4;
    %cmp/u;
    %jmp/1 T_0.2, 6;
    %dup/vec4;
    %pushi/vec4 3, 0, 4;
    %cmp/u;
    %jmp/1 T_0.3, 6;
    %dup/vec4;
    %pushi/vec4 4, 0, 4;
    %cmp/u;
    %jmp/1 T_0.4, 6;
    %dup/vec4;
    %pushi/vec4 6, 0, 4;
    %cmp/u;
    %jmp/1 T_0.5, 6;
    %dup/vec4;
    %pushi/vec4 7, 0, 4;
    %cmp/u;
    %jmp/1 T_0.6, 6;
    %dup/vec4;
    %pushi/vec4 8, 0, 4;
    %cmp/u;
    %jmp/1 T_0.7, 6;
    %dup/vec4;
    %pushi/vec4 9, 0, 4;
    %cmp/u;
    %jmp/1 T_0.8, 6;
    %dup/vec4;
    %pushi/vec4 10, 0, 4;
    %cmp/u;
    %jmp/1 T_0.9, 6;
    %dup/vec4;
    %pushi/vec4 12, 0, 4;
    %cmp/u;
    %jmp/1 T_0.10, 6;
    %dup/vec4;
    %pushi/vec4 13, 0, 4;
    %cmp/u;
    %jmp/1 T_0.11, 6;
    %dup/vec4;
    %pushi/vec4 14, 0, 4;
    %cmp/u;
    %jmp/1 T_0.12, 6;
    %dup/vec4;
    %pushi/vec4 15, 0, 4;
    %cmp/u;
    %jmp/1 T_0.13, 6;
    %pushi/vec4 4294967295, 4294967295, 32;
    %store/vec4 v0x600003a28cf0_0, 0, 32;
    %jmp T_0.15;
T_0.0 ;
    %load/vec4 v0x600003a28ab0_0;
    %load/vec4 v0x600003a28b40_0;
    %and;
    %store/vec4 v0x600003a28cf0_0, 0, 32;
    %jmp T_0.15;
T_0.1 ;
    %load/vec4 v0x600003a28ab0_0;
    %load/vec4 v0x600003a28b40_0;
    %or;
    %store/vec4 v0x600003a28cf0_0, 0, 32;
    %jmp T_0.15;
T_0.2 ;
    %load/vec4 v0x600003a28ab0_0;
    %load/vec4 v0x600003a28b40_0;
    %add;
    %store/vec4 v0x600003a28cf0_0, 0, 32;
    %jmp T_0.15;
T_0.3 ;
    %load/vec4 v0x600003a28c60_0;
    %parti/s 32, 0, 2;
    %store/vec4 v0x600003a28cf0_0, 0, 32;
    %jmp T_0.15;
T_0.4 ;
    %load/vec4 v0x600003a28c60_0;
    %parti/s 32, 32, 7;
    %store/vec4 v0x600003a28cf0_0, 0, 32;
    %jmp T_0.15;
T_0.5 ;
    %load/vec4 v0x600003a28ab0_0;
    %load/vec4 v0x600003a28b40_0;
    %sub;
    %store/vec4 v0x600003a28cf0_0, 0, 32;
    %jmp T_0.15;
T_0.6 ;
    %load/vec4 v0x600003a28ab0_0;
    %load/vec4 v0x600003a28b40_0;
    %cmp/s;
    %flag_mov 8, 5;
    %jmp/0 T_0.16, 8;
    %pushi/vec4 1, 0, 32;
    %jmp/1 T_0.17, 8;
T_0.16 ; End of true expr.
    %pushi/vec4 0, 0, 32;
    %jmp/0 T_0.17, 8;
 ; End of false expr.
    %blend;
T_0.17;
    %store/vec4 v0x600003a28cf0_0, 0, 32;
    %jmp T_0.15;
T_0.7 ;
    %load/vec4 v0x600003a28ab0_0;
    %load/vec4 v0x600003a28b40_0;
    %parti/s 5, 0, 2;
    %ix/vec4 4;
    %shiftr 4;
    %store/vec4 v0x600003a28cf0_0, 0, 32;
    %jmp T_0.15;
T_0.8 ;
    %load/vec4 v0x600003a28ab0_0;
    %load/vec4 v0x600003a28b40_0;
    %parti/s 5, 0, 2;
    %ix/vec4 4;
    %shiftl 4;
    %store/vec4 v0x600003a28cf0_0, 0, 32;
    %jmp T_0.15;
T_0.9 ;
    %load/vec4 v0x600003a28ab0_0;
    %load/vec4 v0x600003a28b40_0;
    %parti/s 5, 0, 2;
    %ix/vec4 4;
    %shiftr/s 4;
    %store/vec4 v0x600003a28cf0_0, 0, 32;
    %jmp T_0.15;
T_0.10 ;
    %load/vec4 v0x600003a28ab0_0;
    %load/vec4 v0x600003a28b40_0;
    %or;
    %inv;
    %store/vec4 v0x600003a28cf0_0, 0, 32;
    %jmp T_0.15;
T_0.11 ;
    %load/vec4 v0x600003a28ab0_0;
    %load/vec4 v0x600003a28b40_0;
    %xor;
    %store/vec4 v0x600003a28cf0_0, 0, 32;
    %jmp T_0.15;
T_0.12 ;
    %load/vec4 v0x600003a28ab0_0;
    %load/vec4 v0x600003a28b40_0;
    %div/s;
    %store/vec4 v0x600003a28cf0_0, 0, 32;
    %jmp T_0.15;
T_0.13 ;
    %load/vec4 v0x600003a28ab0_0;
    %load/vec4 v0x600003a28b40_0;
    %mod/s;
    %store/vec4 v0x600003a28cf0_0, 0, 32;
    %jmp T_0.15;
T_0.15 ;
    %pop/vec4 1;
    %jmp T_0;
    .thread T_0, $push;
    .scope S_0x7f82f1904930;
T_1 ;
    %pushi/vec4 0, 0, 1;
    %store/vec4 v0x600003a29050_0, 0, 1;
    %delay 4, 0;
    %pushi/vec4 1, 0, 1;
    %store/vec4 v0x600003a29050_0, 0, 1;
    %delay 4, 0;
    %jmp T_1;
    .thread T_1;
    .scope S_0x7f82f1904930;
T_2 ;
    %vpi_call/w 3 32 "$dumpfile", "alu1.vcd" {0 0 0};
    %vpi_call/w 3 33 "$dumpvars", 32'sb00000000000000000000000000000000, S_0x7f82f1904930 {0 0 0};
    %pushi/vec4 0, 0, 1;
    %store/vec4 v0x600003a29050_0, 0, 1;
    %pushi/vec4 1, 0, 1;
    %store/vec4 v0x600003a293b0_0, 0, 1;
    %delay 20, 0;
    %pushi/vec4 0, 0, 1;
    %store/vec4 v0x600003a293b0_0, 0, 1;
    %pushi/vec4 4294967292, 0, 32;
    %store/vec4 v0x600003a290e0_0, 0, 32;
T_2.0 ;
    %load/vec4 v0x600003a290e0_0;
    %cmpi/s 4, 0, 32;
    %jmp/0xz T_2.1, 5;
    %delay 1, 0;
    %pushi/vec4 4, 0, 32;
    %store/vec4 v0x600003a29170_0, 0, 32;
T_2.2 ;
    %load/vec4 v0x600003a29170_0;
    %cmpi/s 4294967292, 0, 32;
    %flag_or 5, 4; GT is !LE
    %flag_inv 5;
    %jmp/0xz T_2.3, 5;
    %delay 1, 0;
    %pushi/vec4 0, 0, 32;
    %store/vec4 v0x600003a29200_0, 0, 32;
T_2.4 ;
    %load/vec4 v0x600003a29200_0;
    %cmpi/s 16, 0, 32;
    %jmp/0xz T_2.5, 5;
    %wait E_0x600001d22300;
    %load/vec4 v0x600003a290e0_0;
    %store/vec4 v0x600003a28f30_0, 0, 32;
    %load/vec4 v0x600003a29170_0;
    %store/vec4 v0x600003a28fc0_0, 0, 32;
    %load/vec4 v0x600003a29200_0;
    %pad/s 4;
    %store/vec4 v0x600003a29290_0, 0, 4;
    %wait E_0x600001d222c0;
    %load/vec4 v0x600003a28f30_0;
    %load/vec4 v0x600003a28fc0_0;
    %load/vec4 v0x600003a29320_0;
    %vpi_call/w 3 48 "$display", "%t: %d op(%b) %d = %d (%b,%b)", $time, S<2,vec4,s32>, v0x600003a29290_0, S<1,vec4,s32>, S<0,vec4,s32>, v0x600003a294d0_0, v0x600003a29440_0 {3 0 0};
    %delay 1, 0;
    ; show_stmt_assign_vector: Get l-value for compressed += operand
    %load/vec4 v0x600003a290e0_0;
    %pushi/vec4 1, 0, 32;
    %add;
    %cast2;
    %store/vec4 v0x600003a290e0_0, 0, 32;
    ; show_stmt_assign_vector: Get l-value for compressed -= operand
    %load/vec4 v0x600003a29170_0;
    %pushi/vec4 1, 0, 32;
    %sub;
    %cast2;
    %store/vec4 v0x600003a29170_0, 0, 32;
    ; show_stmt_assign_vector: Get l-value for compressed += operand
    %load/vec4 v0x600003a29200_0;
    %pushi/vec4 1, 0, 32;
    %add;
    %cast2;
    %store/vec4 v0x600003a29200_0, 0, 32;
    %jmp T_2.4;
T_2.5 ;
    ; show_stmt_assign_vector: Get l-value for compressed -= operand
    %load/vec4 v0x600003a29170_0;
    %pushi/vec4 1, 0, 32;
    %sub;
    %cast2;
    %store/vec4 v0x600003a29170_0, 0, 32;
    %jmp T_2.2;
T_2.3 ;
    ; show_stmt_assign_vector: Get l-value for compressed += operand
    %load/vec4 v0x600003a290e0_0;
    %pushi/vec4 1, 0, 32;
    %add;
    %cast2;
    %store/vec4 v0x600003a290e0_0, 0, 32;
    %jmp T_2.0;
T_2.1 ;
    %delay 200, 0;
    %vpi_call/w 3 53 "$finish" {0 0 0};
    %end;
    .thread T_2;
# The file index is used to find the file name in the following table.
:file_names 5;
    "N/A";
    "<interactive>";
    "-";
    "alu1_tb.sv";
    "./alu.sv";
