#! /usr/local/Cellar/icarus-verilog/12.0/bin/vvp
:ivl_version "12.0 (stable)";
:ivl_delay_selection "TYPICAL";
:vpi_time_precision + 0;
:vpi_module "/usr/local/Cellar/icarus-verilog/12.0/lib/ivl/system.vpi";
:vpi_module "/usr/local/Cellar/icarus-verilog/12.0/lib/ivl/vhdl_sys.vpi";
:vpi_module "/usr/local/Cellar/icarus-verilog/12.0/lib/ivl/vhdl_textio.vpi";
:vpi_module "/usr/local/Cellar/icarus-verilog/12.0/lib/ivl/v2005_math.vpi";
:vpi_module "/usr/local/Cellar/icarus-verilog/12.0/lib/ivl/va_math.vpi";
S_0x7f9efe304160 .scope module, "top" "top" 2 1;
 .timescale 0 0;
    .port_info 0 /INPUT 1 "clock";
    .port_info 1 /INPUT 1 "reset";
    .port_info 2 /OUTPUT 1 "blink";
L_0x7f9efe314680 .functor BUFZ 1, v0x7f9efe314500_0, C4<0>, C4<0>, C4<0>;
v0x7f9efe3043b0_0 .net "blink", 0 0, L_0x7f9efe314680;  1 drivers
o0x7f9efe132038 .functor BUFZ 1, C4<z>; HiZ drive
v0x7f9efe314460_0 .net "clock", 0 0, o0x7f9efe132038;  0 drivers
v0x7f9efe314500_0 .var "out", 0 0;
o0x7f9efe132098 .functor BUFZ 1, C4<z>; HiZ drive
v0x7f9efe314590_0 .net "reset", 0 0, o0x7f9efe132098;  0 drivers
E_0x7f9efe304350 .event posedge, v0x7f9efe314460_0;
    .scope S_0x7f9efe304160;
T_0 ;
    %wait E_0x7f9efe304350;
    %load/vec4 v0x7f9efe314590_0;
    %flag_set/vec4 8;
    %jmp/0xz  T_0.0, 8;
    %pushi/vec4 0, 0, 1;
    %store/vec4 v0x7f9efe314500_0, 0, 1;
    %jmp T_0.1;
T_0.0 ;
    %load/vec4 v0x7f9efe314500_0;
    %nor/r;
    %assign/vec4 v0x7f9efe314500_0, 0;
T_0.1 ;
    %jmp T_0;
    .thread T_0;
    .scope S_0x7f9efe304160;
T_1 ;
    %vpi_call 2 19 "$dumpfile", "top.vcd" {0 0 0};
    %vpi_call 2 20 "$dumpvars", 32'sb00000000000000000000000000000000, S_0x7f9efe304160 {0 0 0};
    %end;
    .thread T_1;
# The file index is used to find the file name in the following table.
:file_names 3;
    "N/A";
    "<interactive>";
    "tst/top.v";
